<?xml version="1.0" encoding="UTF-8"?>
<!-- Generated by org.testng.reporters.JUnitXMLReporter -->
<testsuite ignored="0" hostname="LAPTOP-IL8TFG41" failures="0" tests="3" name="Default test" time="31.107" errors="0" timestamp="08 Aug 2020 18:39:09 GMT">
  <testcase classname="JSONDataDriven.DDJSON" name="Login" time="9.655"/>
  <testcase classname="JSONDataDriven.DDJSON" name="Login" time="11.69"/>
  <testcase classname="JSONDataDriven.DDJSON" name="Login" time="9.724"/>
</testsuite> <!-- Default test -->
