<?xml version="1.0" encoding="UTF-8"?>
<!-- Generated by org.testng.reporters.JUnitXMLReporter -->
<testsuite ignored="0" hostname="LAPTOP-IL8TFG41" failures="0" tests="3" name="Default test" time="22.115" errors="0" timestamp="08 Aug 2020 17:13:05 GMT">
  <testcase classname="DDT_Library.GuruLoginDataDriven" name="LoginTo" time="7.808"/>
  <testcase classname="DDT_Library.GuruLoginDataDriven" name="LoginTo" time="7.063"/>
  <testcase classname="DDT_Library.GuruLoginDataDriven" name="LoginTo" time="7.206"/>
</testsuite> <!-- Default test -->
