<?xml version="1.0" encoding="UTF-8"?>
<testng-results ignored="0" total="1" passed="1" failed="0" skipped="0">
  <reporter-output>
  </reporter-output>
  <suite started-at="2020-08-08T14:43:45Z" name="Default suite" finished-at="2020-08-08T14:43:57Z" duration-ms="11689">
    <groups>
    </groups>
    <test started-at="2020-08-08T14:43:45Z" name="Default test" finished-at="2020-08-08T14:43:57Z" duration-ms="11689">
      <class name="DDT_Library.GuruLogin">
        <test-method signature="Login()[pri:0, instance:DDT_Library.GuruLogin@d83da2e]" started-at="2020-08-08T14:43:45Z" name="Login" finished-at="2020-08-08T14:43:57Z" duration-ms="11668" status="PASS">
          <reporter-output>
          </reporter-output>
        </test-method> <!-- Login -->
      </class> <!-- DDT_Library.GuruLogin -->
    </test> <!-- Default test -->
  </suite> <!-- Default suite -->
</testng-results>
